2023-06-12T00:05:41.475+0800	INFO	middlewares/logger.go:32	/user/login	{"statusxixixixi": 400, "method": "POST", "path": "/user/login", "query": "", "ip": "::1", "user-agent": "Apifox/1.0.0 (https://www.apifox.cn)", "errors": "", "cost": "2.477041ms"}
2023-06-12T00:17:30.995+0800	ERROR	middlewares/logger.go:75	[Recovery from panic]	{"error": "runtime error: invalid memory address or nil pointer dereference", "request": "POST /user/login HTTP/1.1\r\nHost: localhost:8080\r\nAccept: */*\r\nAccept-Encoding: gzip, deflate, br\r\nConnection: keep-alive\r\nContent-Length: 45\r\nContent-Type: application/json\r\nUser-Agent: Apifox/1.0.0 (https://www.apifox.cn)\r\n\r\n", "stack": "goroutine 12 [running]:\nruntime/debug.Stack()\n\t/opt/homebrew/opt/go/libexec/src/runtime/debug/stack.go:24 +0x64\nprobetester/middlewares.GinRecovery.func1.1()\n\t/Users/shelby/development/go/probe_tester_control/middlewares/logger.go:78 +0x25c\npanic({0x1037c3140, 0x104dec910})\n\t/opt/homebrew/opt/go/libexec/src/runtime/panic.go:884 +0x1f4\nprobetester/dao.FindUser({0x140000af368?, 0x103775280?})\n\t/Users/shelby/development/go/probe_tester_control/dao/user.go:10 +0x7c\nprobetester/controller.Login(0x14000214900)\n\t/Users/shelby/development/go/probe_tester_control/controller/user.go:22 +0x70\ngithub.com/gin-gonic/gin.(*Context).Next(...)\n\t/Users/shelby/goWorkEnv/pkg/mod/github.com/gin-gonic/gin@v1.9.1/context.go:174\nprobetester/middlewares.GinRecovery.func1(0x14000214900)\n\t/Users/shelby/development/go/probe_tester_control/middlewares/logger.go:89 +0x74\ngithub.com/gin-gonic/gin.(*Context).Next(...)\n\t/Users/shelby/goWorkEnv/pkg/mod/github.com/gin-gonic/gin@v1.9.1/context.go:174\nprobetester/middlewares.GinLogger.func1(0x14000214900)\n\t/Users/shelby/development/go/probe_tester_control/middlewares/logger.go:26 +0x84\ngithub.com/gin-gonic/gin.(*Context).Next(...)\n\t/Users/shelby/goWorkEnv/pkg/mod/github.com/gin-gonic/gin@v1.9.1/context.go:174\ngithub.com/gin-gonic/gin.CustomRecoveryWithWriter.func1(0x14000214900)\n\t/Users/shelby/goWorkEnv/pkg/mod/github.com/gin-gonic/gin@v1.9.1/recovery.go:102 +0x7c\ngithub.com/gin-gonic/gin.(*Context).Next(...)\n\t/Users/shelby/goWorkEnv/pkg/mod/github.com/gin-gonic/gin@v1.9.1/context.go:174\ngithub.com/gin-gonic/gin.LoggerWithConfig.func1(0x14000214900)\n\t/Users/shelby/goWorkEnv/pkg/mod/github.com/gin-gonic/gin@v1.9.1/logger.go:240 +0xac\ngithub.com/gin-gonic/gin.(*Context).Next(...)\n\t/Users/shelby/goWorkEnv/pkg/mod/github.com/gin-gonic/gin@v1.9.1/context.go:174\ngithub.com/gin-gonic/gin.(*Engine).handleHTTPRequest(0x140005824e0, 0x14000214900)\n\t/Users/shelby/goWorkEnv/pkg/mod/github.com/gin-gonic/gin@v1.9.1/gin.go:620 +0x51c\ngithub.com/gin-gonic/gin.(*Engine).ServeHTTP(0x140005824e0, {0x103888370?, 0x140000f0380}, 0x14000214800)\n\t/Users/shelby/goWorkEnv/pkg/mod/github.com/gin-gonic/gin@v1.9.1/gin.go:576 +0x1e4\nnet/http.serverHandler.ServeHTTP({0x103886088?}, {0x103888370, 0x140000f0380}, 0x14000214800)\n\t/opt/homebrew/opt/go/libexec/src/net/http/server.go:2936 +0x2c0\nnet/http.(*conn).serve(0x140000167e0, {0x103888ec8, 0x14000011d40})\n\t/opt/homebrew/opt/go/libexec/src/net/http/server.go:1995 +0x518\ncreated by net/http.(*Server).Serve\n\t/opt/homebrew/opt/go/libexec/src/net/http/server.go:3089 +0x4e8\n"}
probetester/middlewares.GinRecovery.func1.1
	/Users/shelby/development/go/probe_tester_control/middlewares/logger.go:75
runtime.gopanic
	/opt/homebrew/opt/go/libexec/src/runtime/panic.go:884
runtime.panicmem
	/opt/homebrew/opt/go/libexec/src/runtime/panic.go:260
runtime.sigpanic
	/opt/homebrew/opt/go/libexec/src/runtime/signal_unix.go:837
probetester/dao.FindUser
	/Users/shelby/development/go/probe_tester_control/dao/user.go:10
probetester/controller.Login
	/Users/shelby/development/go/probe_tester_control/controller/user.go:22
github.com/gin-gonic/gin.(*Context).Next
	/Users/shelby/goWorkEnv/pkg/mod/github.com/gin-gonic/gin@v1.9.1/context.go:174
probetester/middlewares.GinRecovery.func1
	/Users/shelby/development/go/probe_tester_control/middlewares/logger.go:89
github.com/gin-gonic/gin.(*Context).Next
	/Users/shelby/goWorkEnv/pkg/mod/github.com/gin-gonic/gin@v1.9.1/context.go:174
probetester/middlewares.GinLogger.func1
	/Users/shelby/development/go/probe_tester_control/middlewares/logger.go:26
github.com/gin-gonic/gin.(*Context).Next
	/Users/shelby/goWorkEnv/pkg/mod/github.com/gin-gonic/gin@v1.9.1/context.go:174
github.com/gin-gonic/gin.CustomRecoveryWithWriter.func1
	/Users/shelby/goWorkEnv/pkg/mod/github.com/gin-gonic/gin@v1.9.1/recovery.go:102
github.com/gin-gonic/gin.(*Context).Next
	/Users/shelby/goWorkEnv/pkg/mod/github.com/gin-gonic/gin@v1.9.1/context.go:174
github.com/gin-gonic/gin.LoggerWithConfig.func1
	/Users/shelby/goWorkEnv/pkg/mod/github.com/gin-gonic/gin@v1.9.1/logger.go:240
github.com/gin-gonic/gin.(*Context).Next
	/Users/shelby/goWorkEnv/pkg/mod/github.com/gin-gonic/gin@v1.9.1/context.go:174
github.com/gin-gonic/gin.(*Engine).handleHTTPRequest
	/Users/shelby/goWorkEnv/pkg/mod/github.com/gin-gonic/gin@v1.9.1/gin.go:620
github.com/gin-gonic/gin.(*Engine).ServeHTTP
	/Users/shelby/goWorkEnv/pkg/mod/github.com/gin-gonic/gin@v1.9.1/gin.go:576
net/http.serverHandler.ServeHTTP
	/opt/homebrew/opt/go/libexec/src/net/http/server.go:2936
net/http.(*conn).serve
	/opt/homebrew/opt/go/libexec/src/net/http/server.go:1995
2023-06-12T00:17:30.996+0800	INFO	middlewares/logger.go:32	/user/login	{"statusxixixixi": 500, "method": "POST", "path": "/user/login", "query": "", "ip": "::1", "user-agent": "Apifox/1.0.0 (https://www.apifox.cn)", "errors": "", "cost": "2.990042ms"}
2023-06-12T00:26:41.352+0800	INFO	middlewares/logger.go:32	/user/login	{"statusxixixixi": 400, "method": "POST", "path": "/user/login", "query": "", "ip": "::1", "user-agent": "Apifox/1.0.0 (https://www.apifox.cn)", "errors": "", "cost": "1.339125ms"}
2023-06-12T00:26:47.181+0800	INFO	middlewares/logger.go:32	/user/login	{"statusxixixixi": 400, "method": "POST", "path": "/user/login", "query": "", "ip": "::1", "user-agent": "Apifox/1.0.0 (https://www.apifox.cn)", "errors": "", "cost": "426.667µs"}
2023-06-12T00:28:06.611+0800	INFO	middlewares/logger.go:32	/user/login	{"statusxixixixi": 400, "method": "POST", "path": "/user/login", "query": "", "ip": "::1", "user-agent": "Apifox/1.0.0 (https://www.apifox.cn)", "errors": "", "cost": "1.357792ms"}
2023-06-12T00:28:16.676+0800	INFO	middlewares/logger.go:32	/user/login	{"statusxixixixi": 400, "method": "POST", "path": "/user/login", "query": "", "ip": "::1", "user-agent": "Apifox/1.0.0 (https://www.apifox.cn)", "errors": "", "cost": "1.060417ms"}
2023-06-12T00:28:30.810+0800	INFO	middlewares/logger.go:32	/user/login	{"statusxixixixi": 400, "method": "POST", "path": "/user/login", "query": "", "ip": "::1", "user-agent": "Apifox/1.0.0 (https://www.apifox.cn)", "errors": "", "cost": "1.024375ms"}
2023-06-12T00:28:44.717+0800	INFO	middlewares/logger.go:32	/user/login	{"statusxixixixi": 400, "method": "POST", "path": "/user/login", "query": "", "ip": "::1", "user-agent": "Apifox/1.0.0 (https://www.apifox.cn)", "errors": "", "cost": "414.208µs"}
2023-06-12T00:30:18.580+0800	INFO	middlewares/logger.go:32	/user	{"statusxixixixi": 400, "method": "POST", "path": "/user", "query": "", "ip": "::1", "user-agent": "Apifox/1.0.0 (https://www.apifox.cn)", "errors": "", "cost": "909.791µs"}
2023-06-12T00:30:25.459+0800	INFO	middlewares/logger.go:32	/user	{"statusxixixixi": 400, "method": "POST", "path": "/user", "query": "", "ip": "::1", "user-agent": "Apifox/1.0.0 (https://www.apifox.cn)", "errors": "", "cost": "668.041µs"}
2023-06-12T00:30:27.298+0800	INFO	middlewares/logger.go:32	/user	{"statusxixixixi": 400, "method": "POST", "path": "/user", "query": "", "ip": "::1", "user-agent": "Apifox/1.0.0 (https://www.apifox.cn)", "errors": "", "cost": "538.292µs"}
2023-06-12T00:31:02.479+0800	INFO	middlewares/logger.go:32	/user	{"statusxixixixi": 400, "method": "POST", "path": "/user", "query": "", "ip": "::1", "user-agent": "Apifox/1.0.0 (https://www.apifox.cn)", "errors": "", "cost": "653.292µs"}
2023-06-12T00:31:07.560+0800	INFO	middlewares/logger.go:32	/user	{"statusxixixixi": 400, "method": "POST", "path": "/user", "query": "", "ip": "::1", "user-agent": "Apifox/1.0.0 (https://www.apifox.cn)", "errors": "", "cost": "429.459µs"}
2023-06-12T00:31:59.296+0800	INFO	middlewares/logger.go:32	/user	{"statusxixixixi": 400, "method": "POST", "path": "/user", "query": "", "ip": "::1", "user-agent": "Apifox/1.0.0 (https://www.apifox.cn)", "errors": "", "cost": "1.364958ms"}
2023-06-12T00:33:07.030+0800	INFO	middlewares/logger.go:32	/user	{"statusxixixixi": 400, "method": "POST", "path": "/user", "query": "", "ip": "::1", "user-agent": "Apifox/1.0.0 (https://www.apifox.cn)", "errors": "", "cost": "525.625µs"}
2023-06-12T00:34:40.782+0800	INFO	middlewares/logger.go:32	/user/login	{"statusxixixixi": 400, "method": "POST", "path": "/user/login", "query": "", "ip": "::1", "user-agent": "Apifox/1.0.0 (https://www.apifox.cn)", "errors": "", "cost": "939.166µs"}
2023-06-12T00:36:56.465+0800	INFO	middlewares/logger.go:32	/user/login	{"statusxixixixi": 400, "method": "POST", "path": "/user/login", "query": "", "ip": "::1", "user-agent": "Apifox/1.0.0 (https://www.apifox.cn)", "errors": "", "cost": "1.420584ms"}
2023-06-12T11:08:09.739+0800	INFO	middlewares/logger.go:32	/user	{"statusxixixixi": 401, "method": "POST", "path": "/user", "query": "", "ip": "::1", "user-agent": "Apifox/1.0.0 (https://www.apifox.cn)", "errors": "", "cost": "182.084µs"}
2023-06-12T11:09:16.825+0800	INFO	middlewares/logger.go:32	/user	{"statusxixixixi": 400, "method": "POST", "path": "/user", "query": "", "ip": "::1", "user-agent": "Apifox/1.0.0 (https://www.apifox.cn)", "errors": "", "cost": "31.554541ms"}
2023-06-12T14:13:16.536+0800	INFO	middlewares/logger.go:32	/user	{"statusxixixixi": 400, "method": "POST", "path": "/user", "query": "", "ip": "::1", "user-agent": "Apifox/1.0.0 (https://www.apifox.cn)", "errors": "", "cost": "3.580667ms"}
2023-06-12T14:13:22.974+0800	INFO	middlewares/logger.go:32	/user	{"statusxixixixi": 400, "method": "POST", "path": "/user", "query": "", "ip": "::1", "user-agent": "Apifox/1.0.0 (https://www.apifox.cn)", "errors": "", "cost": "1.404958ms"}
2023-06-12T14:13:30.572+0800	INFO	middlewares/logger.go:32	/user	{"statusxixixixi": 400, "method": "POST", "path": "/user", "query": "", "ip": "::1", "user-agent": "Apifox/1.0.0 (https://www.apifox.cn)", "errors": "", "cost": "1.229625ms"}
2023-06-12T14:35:46.736+0800	INFO	middlewares/logger.go:32	/user	{"statusxixixixi": 400, "method": "POST", "path": "/user", "query": "", "ip": "::1", "user-agent": "Apifox/1.0.0 (https://www.apifox.cn)", "errors": "", "cost": "166.167µs"}
2023-06-12T14:37:58.382+0800	INFO	middlewares/logger.go:32	/user	{"statusxixixixi": 400, "method": "POST", "path": "/user", "query": "", "ip": "::1", "user-agent": "Apifox/1.0.0 (https://www.apifox.cn)", "errors": "", "cost": "485.333µs"}
2023-06-12T14:38:56.499+0800	INFO	middlewares/logger.go:32	/user	{"statusxixixixi": 400, "method": "POST", "path": "/user", "query": "", "ip": "::1", "user-agent": "Apifox/1.0.0 (https://www.apifox.cn)", "errors": "", "cost": "565.291µs"}
2023-06-12T14:45:11.227+0800	INFO	middlewares/logger.go:32	/user	{"statusxixixixi": 404, "method": "DELETE", "path": "/user", "query": "id=1", "ip": "::1", "user-agent": "Apifox/1.0.0 (https://www.apifox.cn)", "errors": "", "cost": "1µs"}
2023-06-12T14:47:36.327+0800	INFO	middlewares/logger.go:32	/user	{"statusxixixixi": 404, "method": "DELETE", "path": "/user", "query": "id=1", "ip": "::1", "user-agent": "Apifox/1.0.0 (https://www.apifox.cn)", "errors": "", "cost": "750ns"}
2023-06-12T14:49:09.075+0800	INFO	middlewares/logger.go:32	/user	{"statusxixixixi": 401, "method": "DELETE", "path": "/user", "query": "id=1", "ip": "::1", "user-agent": "Apifox/1.0.0 (https://www.apifox.cn)", "errors": "", "cost": "274.75µs"}
2023-06-12T14:50:36.567+0800	INFO	middlewares/logger.go:32	/user	{"statusxixixixi": 403, "method": "DELETE", "path": "/user", "query": "id=1", "ip": "::1", "user-agent": "Apifox/1.0.0 (https://www.apifox.cn)", "errors": "", "cost": "605.708µs"}
2023-06-12T14:52:09.593+0800	INFO	middlewares/logger.go:32	/user	{"statusxixixixi": 403, "method": "DELETE", "path": "/user", "query": "id=1", "ip": "::1", "user-agent": "Apifox/1.0.0 (https://www.apifox.cn)", "errors": "", "cost": "646.042µs"}
2023-06-12T15:41:40.021+0800	INFO	middlewares/logger.go:32	/user	{"statusxixixixi": 400, "method": "PUT", "path": "/user", "query": "", "ip": "::1", "user-agent": "Apifox/1.0.0 (https://www.apifox.cn)", "errors": "", "cost": "1.238083ms"}
2023-06-12T15:43:16.717+0800	INFO	middlewares/logger.go:32	/user	{"statusxixixixi": 400, "method": "PUT", "path": "/user", "query": "", "ip": "::1", "user-agent": "Apifox/1.0.0 (https://www.apifox.cn)", "errors": "", "cost": "1.393333ms"}
2023-06-12T15:43:36.594+0800	INFO	middlewares/logger.go:32	/user	{"statusxixixixi": 400, "method": "PUT", "path": "/user", "query": "", "ip": "::1", "user-agent": "Apifox/1.0.0 (https://www.apifox.cn)", "errors": "", "cost": "200.083µs"}
2023-06-12T16:35:33.644+0800	INFO	middlewares/logger.go:32	/user	{"statusxixixixi": 400, "method": "PUT", "path": "/user", "query": "", "ip": "::1", "user-agent": "Apifox/1.0.0 (https://www.apifox.cn)", "errors": "", "cost": "6.166292ms"}
2023-06-12T16:35:59.682+0800	INFO	middlewares/logger.go:32	/user	{"statusxixixixi": 400, "method": "PUT", "path": "/user", "query": "", "ip": "::1", "user-agent": "Apifox/1.0.0 (https://www.apifox.cn)", "errors": "", "cost": "2.683958ms"}
2023-06-12T16:36:03.342+0800	INFO	middlewares/logger.go:32	/user	{"statusxixixixi": 400, "method": "PUT", "path": "/user", "query": "", "ip": "::1", "user-agent": "Apifox/1.0.0 (https://www.apifox.cn)", "errors": "", "cost": "1.517917ms"}
2023-06-12T16:36:06.941+0800	INFO	middlewares/logger.go:32	/user	{"statusxixixixi": 400, "method": "PUT", "path": "/user", "query": "", "ip": "::1", "user-agent": "Apifox/1.0.0 (https://www.apifox.cn)", "errors": "", "cost": "787.375µs"}
2023-06-12T16:36:22.548+0800	INFO	middlewares/logger.go:32	/user	{"statusxixixixi": 400, "method": "PUT", "path": "/user", "query": "", "ip": "::1", "user-agent": "Apifox/1.0.0 (https://www.apifox.cn)", "errors": "", "cost": "4.559083ms"}
2023-06-12T16:36:28.640+0800	INFO	middlewares/logger.go:32	/user	{"statusxixixixi": 400, "method": "PUT", "path": "/user", "query": "", "ip": "::1", "user-agent": "Apifox/1.0.0 (https://www.apifox.cn)", "errors": "", "cost": "3.10625ms"}
2023-06-12T16:36:33.533+0800	INFO	middlewares/logger.go:32	/user	{"statusxixixixi": 400, "method": "PUT", "path": "/user", "query": "", "ip": "::1", "user-agent": "Apifox/1.0.0 (https://www.apifox.cn)", "errors": "", "cost": "958.666µs"}
2023-06-12T16:36:38.542+0800	INFO	middlewares/logger.go:32	/user	{"statusxixixixi": 400, "method": "PUT", "path": "/user", "query": "", "ip": "::1", "user-agent": "Apifox/1.0.0 (https://www.apifox.cn)", "errors": "", "cost": "835.5µs"}
2023-06-12T16:41:49.946+0800	INFO	middlewares/logger.go:32	/user	{"statusxixixixi": 400, "method": "PUT", "path": "/user", "query": "", "ip": "::1", "user-agent": "Apifox/1.0.0 (https://www.apifox.cn)", "errors": "", "cost": "3.205208ms"}
2023-06-12T17:11:11.817+0800	INFO	middlewares/logger.go:32	/user	{"statusxixixixi": 400, "method": "PUT", "path": "/user", "query": "", "ip": "::1", "user-agent": "Apifox/1.0.0 (https://www.apifox.cn)", "errors": "", "cost": "21.492625ms"}
2023-06-12T17:11:33.902+0800	ERROR	middlewares/logger.go:75	[Recovery from panic]	{"error": "runtime error: invalid memory address or nil pointer dereference", "request": "PUT /user HTTP/1.1\r\nHost: localhost:8080\r\nAccept: */*\r\nAccept-Encoding: gzip, deflate, br\r\nConnection: keep-alive\r\nContent-Length: 64\r\nContent-Type: application/json\r\nToken: eyJhbGciOiJIUzI1NiIsInR5cCI6IkpXVCJ9.eyJJRCI6MSwiTmFtZSI6ImFkbWluIiwiUm9sZXMiOlt7InJvbGVfdHlwZSI6MCwidXNlcl9pZCI6MSwiaWQiOjEsIkNyZWF0ZWRBdCI6IjIwMjMtMDYtMTJUMTE6MTI6NDQuNTY2KzA4OjAwIiwiVXBkYXRlZEF0IjoiMjAyMy0wNi0xMlQxMToxMjo0NC41NjYrMDg6MDAiLCJEZWxldGVkQXQiOm51bGx9XSwiZXhwIjoxNjg5MTQ0ODExLCJpc3MiOiJ0ZXN0IiwibmJmIjoxNjg2NTUyODExfQ.BAdmvteS0oMhP2t43AohBtFyLE7Q2UfFOvwxZoAUmgc\r\nUser-Agent: Apifox/1.0.0 (https://www.apifox.cn)\r\n\r\n", "stack": "goroutine 25 [running]:\nruntime/debug.Stack()\n\t/opt/homebrew/opt/go/libexec/src/runtime/debug/stack.go:24 +0x64\nprobetester/middlewares.GinRecovery.func1.1()\n\t/Users/shelby/development/go/probe_tester_control/middlewares/logger.go:78 +0x25c\npanic({0x100f480a0, 0x1025847b0})\n\t/opt/homebrew/opt/go/libexec/src/runtime/panic.go:884 +0x1f4\nprobetester/controller.handleUpdateData(0x1400058f382?, 0x0)\n\t/Users/shelby/development/go/probe_tester_control/controller/user.go:128 +0x70\nprobetester/controller.Update(0x1400022e900)\n\t/Users/shelby/development/go/probe_tester_control/controller/user.go:117 +0x1a0\ngithub.com/gin-gonic/gin.(*Context).Next(...)\n\t/Users/shelby/goWorkEnv/pkg/mod/github.com/gin-gonic/gin@v1.9.1/context.go:174\nprobetester/middlewares.IsAdminAuth.func1(0x1400022e900)\n\t/Users/shelby/development/go/probe_tester_control/middlewares/admin.go:29 +0x34c\ngithub.com/gin-gonic/gin.(*Context).Next(...)\n\t/Users/shelby/goWorkEnv/pkg/mod/github.com/gin-gonic/gin@v1.9.1/context.go:174\nprobetester/middlewares.JWTAuth.func1(0x1400022e900)\n\t/Users/shelby/development/go/probe_tester_control/middlewares/jwt.go:55 +0x26c\ngithub.com/gin-gonic/gin.(*Context).Next(...)\n\t/Users/shelby/goWorkEnv/pkg/mod/github.com/gin-gonic/gin@v1.9.1/context.go:174\nprobetester/middlewares.GinRecovery.func1(0x1400022e900)\n\t/Users/shelby/development/go/probe_tester_control/middlewares/logger.go:89 +0x74\ngithub.com/gin-gonic/gin.(*Context).Next(...)\n\t/Users/shelby/goWorkEnv/pkg/mod/github.com/gin-gonic/gin@v1.9.1/context.go:174\nprobetester/middlewares.GinLogger.func1(0x1400022e900)\n\t/Users/shelby/development/go/probe_tester_control/middlewares/logger.go:26 +0x84\ngithub.com/gin-gonic/gin.(*Context).Next(...)\n\t/Users/shelby/goWorkEnv/pkg/mod/github.com/gin-gonic/gin@v1.9.1/context.go:174\ngithub.com/gin-gonic/gin.CustomRecoveryWithWriter.func1(0x1400022e900)\n\t/Users/shelby/goWorkEnv/pkg/mod/github.com/gin-gonic/gin@v1.9.1/recovery.go:102 +0x7c\ngithub.com/gin-gonic/gin.(*Context).Next(...)\n\t/Users/shelby/goWorkEnv/pkg/mod/github.com/gin-gonic/gin@v1.9.1/context.go:174\ngithub.com/gin-gonic/gin.LoggerWithConfig.func1(0x1400022e900)\n\t/Users/shelby/goWorkEnv/pkg/mod/github.com/gin-gonic/gin@v1.9.1/logger.go:240 +0xac\ngithub.com/gin-gonic/gin.(*Context).Next(...)\n\t/Users/shelby/goWorkEnv/pkg/mod/github.com/gin-gonic/gin@v1.9.1/context.go:174\ngithub.com/gin-gonic/gin.(*Engine).handleHTTPRequest(0x140000036c0, 0x1400022e900)\n\t/Users/shelby/goWorkEnv/pkg/mod/github.com/gin-gonic/gin@v1.9.1/gin.go:620 +0x51c\ngithub.com/gin-gonic/gin.(*Engine).ServeHTTP(0x140000036c0, {0x10100f670?, 0x1400018c380}, 0x1400022e800)\n\t/Users/shelby/goWorkEnv/pkg/mod/github.com/gin-gonic/gin@v1.9.1/gin.go:576 +0x1e4\nnet/http.serverHandler.ServeHTTP({0x10100d388?}, {0x10100f670, 0x1400018c380}, 0x1400022e800)\n\t/opt/homebrew/opt/go/libexec/src/net/http/server.go:2936 +0x2c0\nnet/http.(*conn).serve(0x1400009e480, {0x1010101c8, 0x140000b9740})\n\t/opt/homebrew/opt/go/libexec/src/net/http/server.go:1995 +0x518\ncreated by net/http.(*Server).Serve\n\t/opt/homebrew/opt/go/libexec/src/net/http/server.go:3089 +0x4e8\n"}
probetester/middlewares.GinRecovery.func1.1
	/Users/shelby/development/go/probe_tester_control/middlewares/logger.go:75
runtime.gopanic
	/opt/homebrew/opt/go/libexec/src/runtime/panic.go:884
runtime.panicmem
	/opt/homebrew/opt/go/libexec/src/runtime/panic.go:260
runtime.sigpanic
	/opt/homebrew/opt/go/libexec/src/runtime/signal_unix.go:837
probetester/controller.handleUpdateData
	/Users/shelby/development/go/probe_tester_control/controller/user.go:128
probetester/controller.Update
	/Users/shelby/development/go/probe_tester_control/controller/user.go:117
github.com/gin-gonic/gin.(*Context).Next
	/Users/shelby/goWorkEnv/pkg/mod/github.com/gin-gonic/gin@v1.9.1/context.go:174
probetester/middlewares.IsAdminAuth.func1
	/Users/shelby/development/go/probe_tester_control/middlewares/admin.go:29
github.com/gin-gonic/gin.(*Context).Next
	/Users/shelby/goWorkEnv/pkg/mod/github.com/gin-gonic/gin@v1.9.1/context.go:174
probetester/middlewares.JWTAuth.func1
	/Users/shelby/development/go/probe_tester_control/middlewares/jwt.go:55
github.com/gin-gonic/gin.(*Context).Next
	/Users/shelby/goWorkEnv/pkg/mod/github.com/gin-gonic/gin@v1.9.1/context.go:174
probetester/middlewares.GinRecovery.func1
	/Users/shelby/development/go/probe_tester_control/middlewares/logger.go:89
github.com/gin-gonic/gin.(*Context).Next
	/Users/shelby/goWorkEnv/pkg/mod/github.com/gin-gonic/gin@v1.9.1/context.go:174
probetester/middlewares.GinLogger.func1
	/Users/shelby/development/go/probe_tester_control/middlewares/logger.go:26
github.com/gin-gonic/gin.(*Context).Next
	/Users/shelby/goWorkEnv/pkg/mod/github.com/gin-gonic/gin@v1.9.1/context.go:174
github.com/gin-gonic/gin.CustomRecoveryWithWriter.func1
	/Users/shelby/goWorkEnv/pkg/mod/github.com/gin-gonic/gin@v1.9.1/recovery.go:102
github.com/gin-gonic/gin.(*Context).Next
	/Users/shelby/goWorkEnv/pkg/mod/github.com/gin-gonic/gin@v1.9.1/context.go:174
github.com/gin-gonic/gin.LoggerWithConfig.func1
	/Users/shelby/goWorkEnv/pkg/mod/github.com/gin-gonic/gin@v1.9.1/logger.go:240
github.com/gin-gonic/gin.(*Context).Next
	/Users/shelby/goWorkEnv/pkg/mod/github.com/gin-gonic/gin@v1.9.1/context.go:174
github.com/gin-gonic/gin.(*Engine).handleHTTPRequest
	/Users/shelby/goWorkEnv/pkg/mod/github.com/gin-gonic/gin@v1.9.1/gin.go:620
github.com/gin-gonic/gin.(*Engine).ServeHTTP
	/Users/shelby/goWorkEnv/pkg/mod/github.com/gin-gonic/gin@v1.9.1/gin.go:576
net/http.serverHandler.ServeHTTP
	/opt/homebrew/opt/go/libexec/src/net/http/server.go:2936
net/http.(*conn).serve
	/opt/homebrew/opt/go/libexec/src/net/http/server.go:1995
2023-06-12T17:11:33.904+0800	INFO	middlewares/logger.go:32	/user	{"statusxixixixi": 500, "method": "PUT", "path": "/user", "query": "", "ip": "::1", "user-agent": "Apifox/1.0.0 (https://www.apifox.cn)", "errors": "", "cost": "7.83225ms"}
2023-06-12T17:13:17.971+0800	ERROR	middlewares/logger.go:75	[Recovery from panic]	{"error": "runtime error: invalid memory address or nil pointer dereference", "request": "PUT /user HTTP/1.1\r\nHost: localhost:8080\r\nAccept: */*\r\nAccept-Encoding: gzip, deflate, br\r\nConnection: keep-alive\r\nContent-Length: 42\r\nContent-Type: application/json\r\nToken: eyJhbGciOiJIUzI1NiIsInR5cCI6IkpXVCJ9.eyJJRCI6MSwiTmFtZSI6ImFkbWluIiwiUm9sZXMiOlt7InJvbGVfdHlwZSI6MCwidXNlcl9pZCI6MSwiaWQiOjEsIkNyZWF0ZWRBdCI6IjIwMjMtMDYtMTJUMTE6MTI6NDQuNTY2KzA4OjAwIiwiVXBkYXRlZEF0IjoiMjAyMy0wNi0xMlQxMToxMjo0NC41NjYrMDg6MDAiLCJEZWxldGVkQXQiOm51bGx9XSwiZXhwIjoxNjg5MTQ0ODExLCJpc3MiOiJ0ZXN0IiwibmJmIjoxNjg2NTUyODExfQ.BAdmvteS0oMhP2t43AohBtFyLE7Q2UfFOvwxZoAUmgc\r\nUser-Agent: Apifox/1.0.0 (https://www.apifox.cn)\r\n\r\n", "stack": "goroutine 25 [running]:\nruntime/debug.Stack()\n\t/opt/homebrew/opt/go/libexec/src/runtime/debug/stack.go:24 +0x64\nprobetester/middlewares.GinRecovery.func1.1()\n\t/Users/shelby/development/go/probe_tester_control/middlewares/logger.go:78 +0x25c\npanic({0x100f480a0, 0x1025847b0})\n\t/opt/homebrew/opt/go/libexec/src/runtime/panic.go:884 +0x1f4\nprobetester/controller.handleUpdateData(0x140003d00e0?, 0x0)\n\t/Users/shelby/development/go/probe_tester_control/controller/user.go:128 +0x70\nprobetester/controller.Update(0x1400052a000)\n\t/Users/shelby/development/go/probe_tester_control/controller/user.go:117 +0x1a0\ngithub.com/gin-gonic/gin.(*Context).Next(...)\n\t/Users/shelby/goWorkEnv/pkg/mod/github.com/gin-gonic/gin@v1.9.1/context.go:174\nprobetester/middlewares.IsAdminAuth.func1(0x1400052a000)\n\t/Users/shelby/development/go/probe_tester_control/middlewares/admin.go:29 +0x34c\ngithub.com/gin-gonic/gin.(*Context).Next(...)\n\t/Users/shelby/goWorkEnv/pkg/mod/github.com/gin-gonic/gin@v1.9.1/context.go:174\nprobetester/middlewares.JWTAuth.func1(0x1400052a000)\n\t/Users/shelby/development/go/probe_tester_control/middlewares/jwt.go:55 +0x26c\ngithub.com/gin-gonic/gin.(*Context).Next(...)\n\t/Users/shelby/goWorkEnv/pkg/mod/github.com/gin-gonic/gin@v1.9.1/context.go:174\nprobetester/middlewares.GinRecovery.func1(0x1400052a000)\n\t/Users/shelby/development/go/probe_tester_control/middlewares/logger.go:89 +0x74\ngithub.com/gin-gonic/gin.(*Context).Next(...)\n\t/Users/shelby/goWorkEnv/pkg/mod/github.com/gin-gonic/gin@v1.9.1/context.go:174\nprobetester/middlewares.GinLogger.func1(0x1400052a000)\n\t/Users/shelby/development/go/probe_tester_control/middlewares/logger.go:26 +0x84\ngithub.com/gin-gonic/gin.(*Context).Next(...)\n\t/Users/shelby/goWorkEnv/pkg/mod/github.com/gin-gonic/gin@v1.9.1/context.go:174\ngithub.com/gin-gonic/gin.CustomRecoveryWithWriter.func1(0x1400052a000)\n\t/Users/shelby/goWorkEnv/pkg/mod/github.com/gin-gonic/gin@v1.9.1/recovery.go:102 +0x7c\ngithub.com/gin-gonic/gin.(*Context).Next(...)\n\t/Users/shelby/goWorkEnv/pkg/mod/github.com/gin-gonic/gin@v1.9.1/context.go:174\ngithub.com/gin-gonic/gin.LoggerWithConfig.func1(0x1400052a000)\n\t/Users/shelby/goWorkEnv/pkg/mod/github.com/gin-gonic/gin@v1.9.1/logger.go:240 +0xac\ngithub.com/gin-gonic/gin.(*Context).Next(...)\n\t/Users/shelby/goWorkEnv/pkg/mod/github.com/gin-gonic/gin@v1.9.1/context.go:174\ngithub.com/gin-gonic/gin.(*Engine).handleHTTPRequest(0x140000036c0, 0x1400052a000)\n\t/Users/shelby/goWorkEnv/pkg/mod/github.com/gin-gonic/gin@v1.9.1/gin.go:620 +0x51c\ngithub.com/gin-gonic/gin.(*Engine).ServeHTTP(0x140000036c0, {0x10100f670?, 0x14000524000}, 0x140005e4100)\n\t/Users/shelby/goWorkEnv/pkg/mod/github.com/gin-gonic/gin@v1.9.1/gin.go:576 +0x1e4\nnet/http.serverHandler.ServeHTTP({0x10100d388?}, {0x10100f670, 0x14000524000}, 0x140005e4100)\n\t/opt/homebrew/opt/go/libexec/src/net/http/server.go:2936 +0x2c0\nnet/http.(*conn).serve(0x1400009e480, {0x1010101c8, 0x140000b9740})\n\t/opt/homebrew/opt/go/libexec/src/net/http/server.go:1995 +0x518\ncreated by net/http.(*Server).Serve\n\t/opt/homebrew/opt/go/libexec/src/net/http/server.go:3089 +0x4e8\n"}
probetester/middlewares.GinRecovery.func1.1
	/Users/shelby/development/go/probe_tester_control/middlewares/logger.go:75
runtime.gopanic
	/opt/homebrew/opt/go/libexec/src/runtime/panic.go:884
runtime.panicmem
	/opt/homebrew/opt/go/libexec/src/runtime/panic.go:260
runtime.sigpanic
	/opt/homebrew/opt/go/libexec/src/runtime/signal_unix.go:837
probetester/controller.handleUpdateData
	/Users/shelby/development/go/probe_tester_control/controller/user.go:128
probetester/controller.Update
	/Users/shelby/development/go/probe_tester_control/controller/user.go:117
github.com/gin-gonic/gin.(*Context).Next
	/Users/shelby/goWorkEnv/pkg/mod/github.com/gin-gonic/gin@v1.9.1/context.go:174
probetester/middlewares.IsAdminAuth.func1
	/Users/shelby/development/go/probe_tester_control/middlewares/admin.go:29
github.com/gin-gonic/gin.(*Context).Next
	/Users/shelby/goWorkEnv/pkg/mod/github.com/gin-gonic/gin@v1.9.1/context.go:174
probetester/middlewares.JWTAuth.func1
	/Users/shelby/development/go/probe_tester_control/middlewares/jwt.go:55
github.com/gin-gonic/gin.(*Context).Next
	/Users/shelby/goWorkEnv/pkg/mod/github.com/gin-gonic/gin@v1.9.1/context.go:174
probetester/middlewares.GinRecovery.func1
	/Users/shelby/development/go/probe_tester_control/middlewares/logger.go:89
github.com/gin-gonic/gin.(*Context).Next
	/Users/shelby/goWorkEnv/pkg/mod/github.com/gin-gonic/gin@v1.9.1/context.go:174
probetester/middlewares.GinLogger.func1
	/Users/shelby/development/go/probe_tester_control/middlewares/logger.go:26
github.com/gin-gonic/gin.(*Context).Next
	/Users/shelby/goWorkEnv/pkg/mod/github.com/gin-gonic/gin@v1.9.1/context.go:174
github.com/gin-gonic/gin.CustomRecoveryWithWriter.func1
	/Users/shelby/goWorkEnv/pkg/mod/github.com/gin-gonic/gin@v1.9.1/recovery.go:102
github.com/gin-gonic/gin.(*Context).Next
	/Users/shelby/goWorkEnv/pkg/mod/github.com/gin-gonic/gin@v1.9.1/context.go:174
github.com/gin-gonic/gin.LoggerWithConfig.func1
	/Users/shelby/goWorkEnv/pkg/mod/github.com/gin-gonic/gin@v1.9.1/logger.go:240
github.com/gin-gonic/gin.(*Context).Next
	/Users/shelby/goWorkEnv/pkg/mod/github.com/gin-gonic/gin@v1.9.1/context.go:174
github.com/gin-gonic/gin.(*Engine).handleHTTPRequest
	/Users/shelby/goWorkEnv/pkg/mod/github.com/gin-gonic/gin@v1.9.1/gin.go:620
github.com/gin-gonic/gin.(*Engine).ServeHTTP
	/Users/shelby/goWorkEnv/pkg/mod/github.com/gin-gonic/gin@v1.9.1/gin.go:576
net/http.serverHandler.ServeHTTP
	/opt/homebrew/opt/go/libexec/src/net/http/server.go:2936
net/http.(*conn).serve
	/opt/homebrew/opt/go/libexec/src/net/http/server.go:1995
2023-06-12T17:13:17.974+0800	INFO	middlewares/logger.go:32	/user	{"statusxixixixi": 500, "method": "PUT", "path": "/user", "query": "", "ip": "::1", "user-agent": "Apifox/1.0.0 (https://www.apifox.cn)", "errors": "", "cost": "10.739459ms"}
2023-06-12T17:16:30.619+0800	INFO	middlewares/logger.go:32	/user	{"statusxixixixi": 400, "method": "PUT", "path": "/user", "query": "", "ip": "::1", "user-agent": "Apifox/1.0.0 (https://www.apifox.cn)", "errors": "", "cost": "6.200084ms"}
2023-06-12T17:24:24.477+0800	INFO	middlewares/logger.go:32	/user	{"statusxixixixi": 403, "method": "PUT", "path": "/user", "query": "", "ip": "::1", "user-agent": "Apifox/1.0.0 (https://www.apifox.cn)", "errors": "", "cost": "601.208µs"}
2023-06-12T17:25:05.221+0800	INFO	middlewares/logger.go:32	/user	{"statusxixixixi": 403, "method": "PUT", "path": "/user", "query": "", "ip": "::1", "user-agent": "Apifox/1.0.0 (https://www.apifox.cn)", "errors": "", "cost": "1.087583ms"}
2023-06-12T17:25:06.983+0800	INFO	middlewares/logger.go:32	/user	{"statusxixixixi": 403, "method": "PUT", "path": "/user", "query": "", "ip": "::1", "user-agent": "Apifox/1.0.0 (https://www.apifox.cn)", "errors": "", "cost": "289.917µs"}
2023-06-12T17:25:50.562+0800	INFO	middlewares/logger.go:32	/user	{"statusxixixixi": 403, "method": "PUT", "path": "/user", "query": "", "ip": "::1", "user-agent": "Apifox/1.0.0 (https://www.apifox.cn)", "errors": "", "cost": "510.083µs"}
